IQ-TREE version 3.0.1 for MacOS ARM 64-bit built May  5 2025
Developed by Bui Quang Minh, Thomas Wong, Nhan Ly-Trong, Huaiyan Ren
Contributed by Lam-Tung Nguyen, Dominik Schrempf, Chris Bielow,
Olga Chernomor, Michael Woodhams, Diep Thi Hoang, Heiko Schmidt

Host:    Meaghans-MacBook-Air.local (SSE4.2, 8 GB RAM)
Command: bin/iqtree3 -s RAG2_data_set/RAG2_trimmed.fasta -st AA -m MFP -bb 1000 -alrt 1000 -nt AUTO
Seed:    168395 (Using SPRNG - Scalable Parallel Random Number Generator)
Time:    Thu Nov 13 23:17:19 2025
Kernel:  SSE2 - auto-detect threads (8 CPU cores detected)

Reading alignment file RAG2_data_set/RAG2_trimmed.fasta ... Fasta format detected
Reading fasta file: done in 0.00026989 secs using 81.89% CPU
Alignment most likely contains protein sequences
Constructing alignment: done in 0.000488043 secs using 56.14% CPU
Alignment has 18 sequences with 527 columns, 109 distinct patterns
30 parsimony-informative, 63 singleton sites, 434 constant sites
                              Gap/Ambiguity  Composition  p-value
Analyzing sequences: done in 7.70092e-05 secs using 48.05% CPU
   1  Pongo_abelii                    0.00%    passed    100.00%
   2  Saimiri_boliviensis             0.19%    passed    100.00%
   3  Homo_sapiens                    0.00%    passed    100.00%
   4  Nomascus_leucogenys             0.00%    passed    100.00%
   5  Rhinopithecus_bieti             0.00%    passed    100.00%
   6  Rhinopithecus_roxellana         0.00%    passed    100.00%
   7  Colobus_angolensis_palliatus    0.00%    passed    100.00%
   8  Piliocolobus_tephrosceles       0.00%    passed    100.00%
   9  Macaca_mulatta                  0.00%    passed    100.00%
  10  Macaca_fascicularis             0.00%    passed    100.00%
  11  Papio_anubis                    0.00%    passed    100.00%
  12  Mandrillus_leucophaeus          0.00%    passed    100.00%
  13  Cercocebus_atys                 0.00%    passed    100.00%
  14  Theropithecus_gelada            0.00%    passed    100.00%
  15  Chlorocebus_sabaeus             0.00%    passed    100.00%
  16  Propithecus_coquereli           0.00%    passed    100.00%
  17  Otolemur_garnettii              0.00%    passed    100.00%
  18  Carlito_syrichta                0.00%    passed    100.00%
****  TOTAL                           0.01%  0 sequences failed composition chi2 test (p-value<5%; df=19)
NOTE: Macaca_fascicularis is identical to Macaca_mulatta but kept for subsequent analysis
NOTE: Mandrillus_leucophaeus is identical to Papio_anubis but kept for subsequent analysis
Checking for duplicate sequences: done in 0.000110149 secs using 63.55% CPU


Create initial parsimony tree by phylogenetic likelihood library (PLL)... 0.001 seconds
Measuring multi-threading efficiency up to 8 CPU cores
Increase to 10 rounds for branch lengths
742 trees examined
Threads: 1 / Time: 8.009 sec / Speedup: 1.000 / Efficiency: 100% / LogL: -2560
Threads: 2 / Time: 7.260 sec / Speedup: 1.103 / Efficiency: 55% / LogL: -2560
Threads: 3 / Time: 6.815 sec / Speedup: 1.175 / Efficiency: 39% / LogL: -2560
Determining AUTO threadcount: done in 22.084 secs using 118.1% CPU
BEST NUMBER OF THREADS: 2

Perform fast likelihood tree search using LG+I+G model...
Estimate model parameters (epsilon = 5.000)
Perform nearest neighbor interchange...
Optimizing NNI: done in 0.0259211 secs using 117.1% CPU
Estimate model parameters (epsilon = 1.000)
1. Initial log-likelihood: -2372.446
Optimal log-likelihood: -2372.446
Proportion of invariable sites: 0.410
Gamma shape alpha: 1.840
Parameters optimization took 1 rounds (0.008 sec)
Time for fast ML tree search: 0.051 seconds

NOTE: ModelFinder requires 4 MB RAM!
ModelFinder will test up to 1232 protein models (sample size: 527 epsilon: 0.100) ...
 No. Model         -LnL         df  AIC          AICc         BIC
  1  LG            2381.202     33  4828.403     4832.955     4969.221
  2  LG+I          2372.850     34  4813.700     4818.538     4958.785
  3  LG+G4         2372.438     34  4812.876     4817.713     4957.961
  4  LG+I+G4       2372.446     35  4814.891     4820.024     4964.244
  5  LG+R2         2373.170     35  4816.341     4821.473     4965.693
  6  LG+R3         2372.466     37  4818.932     4824.683     4976.819
 14  LG+I+R2       2372.648     36  4817.295     4822.732     4970.914
 15  LG+I+R3       2372.594     38  4821.187     4827.261     4983.341
 24  LG+F+I        2345.199     53  4796.397     4808.499     5022.559
 25  LG+F+G4       2344.814     53  4795.627     4807.729     5021.789
 26  LG+F+I+G4     2344.816     54  4797.631     4810.216     5028.060
 27  LG+F+R2       2345.405     54  4798.811     4811.396     5029.240
 46  WAG+I         2372.386     34  4812.771     4817.609     4957.856
 47  WAG+G4        2372.014     34  4812.028     4816.865     4957.113
 48  WAG+I+G4      2372.013     35  4814.026     4819.158     4963.378
 49  WAG+R2        2372.521     35  4815.042     4820.174     4964.394
 68  WAG+F+I       2351.380     53  4808.760     4820.861     5034.922
 69  WAG+F+G4      2350.976     53  4807.952     4820.053     5034.113
 70  WAG+F+I+G4    2350.979     54  4809.958     4822.543     5040.387
 71  WAG+F+R2      2351.410     54  4810.820     4823.405     5041.249
 90  JTT+I         2346.578     34  4761.156     4765.994     4906.241
 91  JTT+G4        2346.163     34  4760.325     4765.163     4905.410
 92  JTT+I+G4      2346.187     35  4762.373     4767.506     4911.725
 93  JTT+R2        2346.551     35  4763.103     4768.235     4912.455
112  JTT+F+I       2328.079     53  4762.157     4774.259     4988.319
113  JTT+F+G4      2327.662     53  4761.323     4773.425     4987.485
114  JTT+F+I+G4    2327.681     54  4763.363     4775.947     4993.791
115  JTT+F+R2      2328.013     54  4764.025     4776.610     4994.454
134  Q.PFAM+I      2376.458     34  4820.915     4825.753     4966.000
135  Q.PFAM+G4     2375.991     34  4819.982     4824.819     4965.066
136  Q.PFAM+I+G4   2376.010     35  4822.020     4827.152     4971.372
137  Q.PFAM+R2     2376.381     35  4822.762     4827.895     4972.115
156  Q.PFAM+F+I    2344.859     53  4795.717     4807.819     5021.879
157  Q.PFAM+F+G4   2344.420     53  4794.840     4806.942     5021.002
158  Q.PFAM+F+I+G4 2344.436     54  4796.873     4809.457     5027.301
159  Q.PFAM+F+R2   2344.749     54  4797.499     4810.084     5027.928
178  Q.BIRD+I      2331.844     34  4731.688     4736.525     4876.772
179  Q.BIRD+G4     2331.218     34  4730.436     4735.273     4875.521
180  Q.BIRD+I+G4   2331.250     35  4732.500     4737.632     4881.852
181  Q.BIRD+R2     2331.647     35  4733.294     4738.426     4882.646
200  Q.BIRD+F+I    2308.849     53  4723.697     4735.799     4949.859
201  Q.BIRD+F+G4   2308.230     53  4722.459     4734.561     4948.621
202  Q.BIRD+F+I+G4 2308.254     54  4724.509     4737.093     4954.937
203  Q.BIRD+F+R2   2308.647     54  4725.294     4737.879     4955.723
222  Q.MAMMAL+I    2342.835     34  4753.670     4758.507     4898.755
223  Q.MAMMAL+G4   2342.269     34  4752.537     4757.374     4897.622
224  Q.MAMMAL+I+G4 2342.306     35  4754.612     4759.744     4903.964
225  Q.MAMMAL+R2   2342.601     35  4755.202     4760.335     4904.554
244  Q.MAMMAL+F+I  2315.778     53  4737.556     4749.657     4963.717
245  Q.MAMMAL+F+G4 2315.233     53  4736.466     4748.568     4962.628
246  Q.MAMMAL+F+I+G4 2315.259     54  4738.518     4751.102     4968.946
247  Q.MAMMAL+F+R2 2315.557     54  4739.113     4751.698     4969.542
266  Q.INSECT+I    2366.830     34  4801.660     4806.497     4946.744
267  Q.INSECT+G4   2366.314     34  4800.627     4805.465     4945.712
268  Q.INSECT+I+G4 2366.334     35  4802.667     4807.800     4952.019
269  Q.INSECT+R2   2366.606     35  4803.212     4808.344     4952.564
288  Q.INSECT+F+I  2337.126     53  4780.253     4792.354     5006.414
289  Q.INSECT+F+G4 2336.664     53  4779.327     4791.429     5005.489
290  Q.INSECT+F+I+G4 2336.657     54  4781.315     4793.899     5011.743
291  Q.INSECT+F+R2 2336.942     54  4781.885     4794.469     5012.313
310  Q.PLANT+I     2340.496     34  4748.992     4753.830     4894.077
311  Q.PLANT+G4    2339.998     34  4747.995     4752.833     4893.080
312  Q.PLANT+I+G4  2340.036     35  4750.072     4755.205     4899.424
313  Q.PLANT+R2    2340.252     35  4750.505     4755.637     4899.857
332  Q.PLANT+F+I   2314.635     53  4735.271     4747.372     4961.432
333  Q.PLANT+F+G4  2314.210     53  4734.421     4746.522     4960.582
334  Q.PLANT+F+I+G4 2314.213     54  4736.426     4749.011     4966.855
335  Q.PLANT+F+R2  2314.437     54  4736.874     4749.459     4967.303
354  Q.YEAST+I     2378.719     34  4825.438     4830.275     4970.522
355  Q.YEAST+G4    2378.183     34  4824.367     4829.204     4969.452
356  Q.YEAST+I+G4  2378.212     35  4826.424     4831.556     4975.776
357  Q.YEAST+R2    2378.452     35  4826.905     4832.037     4976.257
376  Q.YEAST+F+I   2342.092     53  4790.184     4802.286     5016.346
377  Q.YEAST+F+G4  2341.559     53  4789.117     4801.219     5015.279
378  Q.YEAST+F+I+G4 2341.576     54  4791.153     4803.738     5021.582
379  Q.YEAST+F+R2  2341.827     54  4791.653     4804.238     5022.082
398  JTTDCMUT+I    2346.980     34  4761.960     4766.797     4907.044
399  JTTDCMUT+G4   2346.560     34  4761.121     4765.958     4906.206
400  JTTDCMUT+I+G4 2346.581     35  4763.162     4768.295     4912.514
401  JTTDCMUT+R2   2346.759     35  4763.518     4768.650     4912.870
420  JTTDCMUT+F+I  2328.623     53  4763.247     4775.348     4989.408
421  JTTDCMUT+F+G4 2328.200     53  4762.400     4774.501     4988.561
422  JTTDCMUT+F+I+G4 2328.217     54  4764.434     4777.019     4994.863
423  JTTDCMUT+F+R2 2328.397     54  4764.795     4777.380     4995.224
442  DCMUT+I       2382.105     34  4832.210     4837.047     4977.295
443  DCMUT+G4      2381.667     34  4831.334     4836.171     4976.419
444  DCMUT+I+G4    2381.633     35  4833.266     4838.399     4982.618
445  DCMUT+R2      2381.910     35  4833.821     4838.953     4983.173
464  DCMUT+F+I     2354.925     53  4815.850     4827.951     5042.011
465  DCMUT+F+G4    2354.373     53  4814.747     4826.848     5040.908
466  DCMUT+F+I+G4  2354.349     54  4816.697     4829.282     5047.126
467  DCMUT+F+R2    2354.641     54  4817.282     4829.867     5047.711
486  VT+I          2376.878     34  4821.755     4826.593     4966.840
487  VT+G4         2376.493     34  4820.986     4825.823     4966.070
488  VT+I+G4       2376.502     35  4823.004     4828.137     4972.356
489  VT+R2         2376.662     35  4823.324     4828.456     4972.676
508  VT+F+I        2355.133     53  4816.265     4828.366     5042.427
509  VT+F+G4       2354.758     53  4815.515     4827.617     5041.677
510  VT+F+I+G4     2354.764     54  4817.528     4830.112     5047.956
511  VT+F+R2       2354.920     54  4817.839     4830.424     5048.268
530  PMB+I         2393.343     34  4854.686     4859.524     4999.771
531  PMB+G4        2392.940     34  4853.881     4858.718     4998.966
532  PMB+I+G4      2392.944     35  4855.887     4861.020     5005.239
533  PMB+R2        2393.118     35  4856.237     4861.369     5005.589
552  PMB+F+I       2376.355     53  4858.709     4870.811     5084.871
553  PMB+F+G4      2375.964     53  4857.929     4870.030     5084.091
554  PMB+F+I+G4    2375.966     54  4859.932     4872.516     5090.360
555  PMB+F+R2      2376.131     54  4860.261     4872.846     5090.690
574  BLOSUM62+I    2398.693     34  4865.386     4870.223     5010.470
575  BLOSUM62+G4   2398.293     34  4864.587     4869.424     5009.672
576  BLOSUM62+I+G4 2398.274     35  4866.548     4871.681     5015.901
577  BLOSUM62+R2   2398.503     35  4867.007     4872.139     5016.359
596  BLOSUM62+F+I  2380.809     53  4867.619     4879.720     5093.781
597  BLOSUM62+F+G4 2380.410     53  4866.820     4878.922     5092.982
598  BLOSUM62+F+I+G4 2380.393     54  4868.785     4881.370     5099.214
599  BLOSUM62+F+R2 2380.589     54  4869.179     4881.764     5099.608
618  DAYHOFF+I     2381.912     34  4831.823     4836.661     4976.908
619  DAYHOFF+G4    2381.471     34  4830.942     4835.779     4976.027
620  DAYHOFF+I+G4  2381.435     35  4832.871     4838.003     4982.223
621  DAYHOFF+R2    2381.655     35  4833.310     4838.443     4982.662
640  DAYHOFF+F+I   2354.762     53  4815.523     4827.625     5041.685
641  DAYHOFF+F+G4  2354.207     53  4814.413     4826.515     5040.575
642  DAYHOFF+F+I+G4 2354.179     54  4816.359     4828.943     5046.787
643  DAYHOFF+F+R2  2354.429     54  4816.858     4829.442     5047.286
662  MTREV+I       2454.545     34  4977.091     4981.928     5122.175
663  MTREV+G4      2453.871     34  4975.741     4980.579     5120.826
664  MTREV+I+G4    2453.842     35  4977.683     4982.816     5127.035
665  MTREV+R2      2454.123     35  4978.246     4983.379     5127.599
684  MTREV+F+I     2336.537     53  4779.073     4791.175     5005.235
685  MTREV+F+G4    2335.939     53  4777.878     4789.979     5004.039
686  MTREV+F+I+G4  2335.900     54  4779.801     4792.385     5010.230
687  MTREV+F+R2    2336.171     54  4780.342     4792.927     5010.771
706  MTART+I       2461.557     34  4991.114     4995.952     5136.199
707  MTART+G4      2459.973     34  4987.946     4992.783     5133.031
708  MTART+I+G4    2459.610     35  4989.220     4994.352     5138.572
709  MTART+R2      2460.035     35  4990.069     4995.202     5139.421
728  MTART+F+I     2356.115     53  4818.230     4830.331     5044.391
729  MTART+F+G4    2355.201     53  4816.402     4828.503     5042.563
730  MTART+F+I+G4  2355.028     54  4818.056     4830.641     5048.485
731  MTART+F+R2    2355.238     54  4818.476     4831.060     5048.904
750  MTZOA+I       2438.152     34  4944.305     4949.142     5089.390
751  MTZOA+G4      2437.048     34  4942.096     4946.933     5087.181
752  MTZOA+I+G4    2436.975     35  4943.951     4949.083     5093.303
753  MTZOA+R2      2437.013     35  4944.025     4949.157     5093.377
772  MTZOA+F+I     2339.172     53  4784.345     4796.446     5010.506
773  MTZOA+F+G4    2338.533     53  4783.065     4795.167     5009.227
774  MTZOA+F+I+G4  2338.505     54  4785.009     4797.594     5015.438
775  MTZOA+F+R2    2338.519     54  4785.038     4797.623     5015.467
794  MTMET+I       2428.430     34  4924.861     4929.698     5069.945
795  MTMET+G4      2427.588     34  4923.176     4928.014     5068.261
796  MTMET+I+G4    2427.627     35  4925.255     4930.387     5074.607
797  MTMET+R2      2427.521     35  4925.042     4930.174     5074.394
816  MTMET+F+I     2322.109     53  4750.217     4762.319     4976.379
817  MTMET+F+G4    2321.421     53  4748.842     4760.943     4975.004
818  MTMET+F+I+G4  2321.450     54  4750.900     4763.485     4981.329
819  MTMET+F+R2    2321.373     54  4750.746     4763.330     4981.174
838  MTVER+I       2448.033     34  4964.066     4968.904     5109.151
839  MTVER+G4      2447.096     34  4962.193     4967.030     5107.277
840  MTVER+I+G4    2447.137     35  4964.274     4969.406     5113.626
841  MTVER+R2      2446.968     35  4963.935     4969.068     5113.287
860  MTVER+F+I     2318.285     53  4742.570     4754.672     4968.732
861  MTVER+F+G4    2317.522     53  4741.043     4753.145     4967.205
862  MTVER+F+I+G4  2317.526     54  4743.052     4755.637     4973.481
863  MTVER+F+R2    2317.428     54  4742.856     4755.441     4973.285
882  MTINV+I       2458.313     34  4984.626     4989.463     5129.711
883  MTINV+G4      2457.626     34  4983.252     4988.090     5128.337
884  MTINV+I+G4    2457.637     35  4985.274     4990.407     5134.626
885  MTINV+R2      2457.531     35  4985.062     4990.195     5134.414
904  MTINV+F+I     2331.809     53  4769.619     4781.720     4995.781
905  MTINV+F+G4    2331.271     53  4768.542     4780.644     4994.704
906  MTINV+F+I+G4  2331.261     54  4770.522     4783.107     5000.951
907  MTINV+F+R2    2331.202     54  4770.405     4782.989     5000.833
926  MTMAM+I       2447.258     34  4962.515     4967.353     5107.600
927  MTMAM+G4      2445.896     34  4959.793     4964.630     5104.878
928  MTMAM+I+G4    2445.779     35  4961.559     4966.691     5110.911
929  MTMAM+R2      2445.402     35  4960.803     4965.935     5110.155
948  MTMAM+F+I     2325.718     53  4757.436     4769.537     4983.597
949  MTMAM+F+G4    2324.943     53  4755.885     4767.987     4982.047
950  MTMAM+F+I+G4  2324.867     54  4757.734     4770.318     4988.162
951  MTMAM+F+R2    2324.660     54  4757.320     4769.905     4987.749
970  FLAVI+I       2364.646     34  4797.292     4802.129     4942.377
971  FLAVI+G4      2363.619     34  4795.237     4800.075     4940.322
972  FLAVI+I+G4    2363.610     35  4797.219     4802.352     4946.571
973  FLAVI+R2      2363.147     35  4796.293     4801.426     4945.645
992  FLAVI+F+I     2320.243     53  4746.486     4758.587     4972.648
993  FLAVI+F+G4    2319.448     53  4744.897     4756.998     4971.058
994  FLAVI+F+I+G4  2319.383     54  4746.767     4759.352     4977.196
995  FLAVI+F+R2    2319.091     54  4746.183     4758.768     4976.612
1014  HIVB+I        2372.132     34  4812.265     4817.102     4957.350
1015  HIVB+G4       2371.476     34  4810.952     4815.790     4956.037
1016  HIVB+I+G4     2371.436     35  4812.872     4818.005     4962.224
1017  HIVB+R2       2371.192     35  4812.384     4817.516     4961.736
1036  HIVB+F+I      2334.633     53  4775.266     4787.367     5001.427
1037  HIVB+F+G4     2334.057     53  4774.115     4786.216     5000.276
1038  HIVB+F+I+G4   2334.019     54  4776.038     4788.623     5006.467
1039  HIVB+F+R2     2333.828     54  4775.657     4788.241     5006.085
1058  HIVW+I        2399.645     34  4867.289     4872.126     5012.374
1059  HIVW+G4       2398.793     34  4865.586     4870.424     5010.671
1060  HIVW+I+G4     2398.574     35  4867.149     4872.281     5016.501
1061  HIVW+R2       2398.300     35  4866.600     4871.733     5015.952
1080  HIVW+F+I      2354.894     53  4815.787     4827.889     5041.949
1081  HIVW+F+G4     2354.240     53  4814.481     4826.582     5040.642
1082  HIVW+F+I+G4   2354.080     54  4816.160     4828.745     5046.589
1083  HIVW+F+R2     2353.896     54  4815.791     4828.376     5046.220
1102  FLU+I         2354.845     34  4777.689     4782.527     4922.774
1103  FLU+G4        2353.973     34  4775.946     4780.784     4921.031
1104  FLU+I+G4      2353.980     35  4777.960     4783.092     4927.312
1105  FLU+R2        2353.424     35  4776.847     4781.979     4926.199
1124  FLU+F+I       2338.311     53  4782.622     4794.724     5008.784
1125  FLU+F+G4      2337.537     53  4781.073     4793.175     5007.235
1126  FLU+F+I+G4    2337.561     54  4783.122     4795.707     5013.551
1127  FLU+F+R2      2337.063     54  4782.126     4794.711     5012.555
1146  RTREV+I       2410.936     34  4889.873     4894.710     5034.958
1147  RTREV+G4      2410.616     34  4889.232     4894.069     5034.316
1148  RTREV+I+G4    2410.592     35  4891.185     4896.317     5040.537
1149  RTREV+R2      2410.517     35  4891.035     4896.167     5040.387
1168  RTREV+F+I     2362.859     53  4831.718     4843.820     5057.880
1169  RTREV+F+G4    2362.454     53  4830.909     4843.010     5057.070
1170  RTREV+F+I+G4  2362.432     54  4832.865     4845.449     5063.293
1171  RTREV+F+R2    2362.291     54  4832.581     4845.166     5063.010
1190  CPREV+I       2383.338     34  4834.675     4839.513     4979.760
1191  CPREV+G4      2382.880     34  4833.761     4838.598     4978.846
1192  CPREV+I+G4    2382.851     35  4835.702     4840.834     4985.054
1193  CPREV+R2      2382.673     35  4835.346     4840.479     4984.698
1212  CPREV+F+I     2348.397     53  4802.794     4814.896     5028.956
1213  CPREV+F+G4    2347.922     53  4801.843     4813.945     5028.005
1214  CPREV+F+I+G4  2347.879     54  4803.757     4816.342     5034.186
1215  CPREV+F+R2    2347.706     54  4803.411     4815.996     5033.840
Akaike Information Criterion:           Q.BIRD+F+G4
Corrected Akaike Information Criterion: Q.BIRD+F+G4
Bayesian Information Criterion:         Q.BIRD+G4
Best-fit model: Q.BIRD+G4 chosen according to BIC

All model information printed to RAG2_data_set/RAG2_trimmed.fasta.model.gz
CPU time for ModelFinder: 29.426 seconds (0h:0m:29s)
Wall-clock time for ModelFinder: 24.709 seconds (0h:0m:24s)
Generating 1000 samples for ultrafast bootstrap (seed: 168395)...

NOTE: 1 MB RAM (0 GB) is required!
Estimate model parameters (epsilon = 0.100)
1. Initial log-likelihood: -2331.260
Optimal log-likelihood: -2331.218
Gamma shape alpha: 0.463
Parameters optimization took 1 rounds (0.014 sec)
Wrote distance file to... 
Computing ML distances based on estimated model parameters...
Calculating distance matrix: done in 0.065222 secs using 199.4% CPU
Computing ML distances took 0.065296 sec (of wall-clock time) 0.130080 sec (of CPU time)
Setting up auxiliary I and S matrices: done in 2.59876e-05 secs using 115.4% CPU
Constructing RapidNJ tree: done in 0.000242949 secs using 59.27% CPU
Computing RapidNJ tree took 0.000302 sec (of wall-clock time) 0.000195 sec (of CPU time)
Log-likelihood of RapidNJ tree: -2335.320
--------------------------------------------------------------------
|             INITIALIZING CANDIDATE TREE SET                      |
--------------------------------------------------------------------
Generating 98 parsimony trees... 0.031 second
Computing log-likelihood of 98 initial trees ... 0.246 seconds
Current best score: -2330.528

Do NNI search on 20 best initial trees
Optimizing NNI: done in 0.026556 secs using 114.6% CPU
Estimate model parameters (epsilon = 0.100)
BETTER TREE FOUND at iteration 1: -2330.526
Optimizing NNI: done in 0.0268309 secs using 113.8% CPU
BETTER TREE FOUND at iteration 2: -2330.526
Optimizing NNI: done in 0.026336 secs using 115.2% CPU
UPDATE BEST LOG-LIKELIHOOD: -2330.526
Optimizing NNI: done in 0.026623 secs using 114.1% CPU
Optimizing NNI: done in 0.026473 secs using 114.6% CPU
Optimizing NNI: done in 0.026298 secs using 114.9% CPU
Optimizing NNI: done in 0.026494 secs using 115.3% CPU
Optimizing NNI: done in 0.0260122 secs using 115.7% CPU
Optimizing NNI: done in 0.026046 secs using 115.6% CPU
Optimizing NNI: done in 0.0259042 secs using 115.3% CPU
Iteration 10 / LogL: -2330.526 / Time: 0h:0m:25s
Optimizing NNI: done in 0.0260501 secs using 116% CPU
Optimizing NNI: done in 0.0261691 secs using 115.1% CPU
Optimizing NNI: done in 0.026288 secs using 114.9% CPU
Optimizing NNI: done in 0.0259712 secs using 115.7% CPU
Optimizing NNI: done in 0.026376 secs using 115.1% CPU
Optimizing NNI: done in 0.025959 secs using 118.2% CPU
Optimizing NNI: done in 0.0262222 secs using 114% CPU
Optimizing NNI: done in 0.026891 secs using 115.8% CPU
Optimizing NNI: done in 0.0256121 secs using 119.3% CPU
Optimizing NNI: done in 0.0267019 secs using 114.5% CPU
Iteration 20 / LogL: -2330.527 / Time: 0h:0m:25s
Finish initializing candidate tree set (8)
Current best tree score: -2330.526 / CPU time: 0.822
Number of iterations: 20
--------------------------------------------------------------------
|               OPTIMIZING CANDIDATE TREE SET                      |
--------------------------------------------------------------------
Optimizing NNI: done in 0.0508358 secs using 117% CPU
Optimizing NNI: done in 0.047483 secs using 114.7% CPU
Optimizing NNI: done in 0.06655 secs using 115.5% CPU
Optimizing NNI: done in 0.0414751 secs using 113.5% CPU
Optimizing NNI: done in 0.0277059 secs using 115% CPU
Optimizing NNI: done in 0.035455 secs using 113.6% CPU
Optimizing NNI: done in 0.067147 secs using 114.3% CPU
Optimizing NNI: done in 0.064271 secs using 114.7% CPU
Optimizing NNI: done in 0.0542989 secs using 117.3% CPU
Optimizing NNI: done in 0.0523729 secs using 115.2% CPU
Iteration 30 / LogL: -2330.527 / Time: 0h:0m:26s (0h:0m:3s left)
Optimizing NNI: done in 0.091553 secs using 117.1% CPU
Optimizing NNI: done in 0.0554779 secs using 112.9% CPU
Optimizing NNI: done in 0.0251229 secs using 119.5% CPU
Optimizing NNI: done in 0.041162 secs using 114.8% CPU
Optimizing NNI: done in 0.0533381 secs using 114% CPU
Optimizing NNI: done in 0.0634849 secs using 114.6% CPU
Optimizing NNI: done in 0.0405121 secs using 114.7% CPU
Optimizing NNI: done in 0.0403349 secs using 114.4% CPU
Optimizing NNI: done in 0.052758 secs using 113.9% CPU
Optimizing NNI: done in 0.0266261 secs using 116.7% CPU
Iteration 40 / LogL: -2346.595 / Time: 0h:0m:26s (0h:0m:3s left)
Optimizing NNI: done in 0.0542119 secs using 114.6% CPU
Optimizing NNI: done in 0.0400159 secs using 114.7% CPU
Optimizing NNI: done in 0.027276 secs using 115.4% CPU
Optimizing NNI: done in 0.0272491 secs using 115.1% CPU
Optimizing NNI: done in 0.0256979 secs using 114.9% CPU
Optimizing NNI: done in 0.090924 secs using 116.8% CPU
Optimizing NNI: done in 0.0800688 secs using 115.7% CPU
Optimizing NNI: done in 0.053772 secs using 115.2% CPU
Optimizing NNI: done in 0.054621 secs using 115.5% CPU
Optimizing NNI: done in 0.0404959 secs using 116% CPU
Iteration 50 / LogL: -2350.796 / Time: 0h:0m:27s (0h:0m:2s left)
Log-likelihood cutoff on original alignment: -2353.469
Optimizing NNI: done in 0.025522 secs using 115.7% CPU
Optimizing NNI: done in 0.0539551 secs using 114.4% CPU
Optimizing NNI: done in 0.0411131 secs using 115.6% CPU
Optimizing NNI: done in 0.0764649 secs using 115.7% CPU
Optimizing NNI: done in 0.039829 secs using 115.8% CPU
Optimizing NNI: done in 0.0298159 secs using 120.1% CPU
Optimizing NNI: done in 0.0408812 secs using 115.1% CPU
Optimizing NNI: done in 0.041394 secs using 114.1% CPU
Optimizing NNI: done in 0.0490372 secs using 115.5% CPU
Optimizing NNI: done in 0.0399671 secs using 118.9% CPU
Iteration 60 / LogL: -2337.950 / Time: 0h:0m:27s (0h:0m:2s left)
Optimizing NNI: done in 0.0252109 secs using 122% CPU
Optimizing NNI: done in 0.0621998 secs using 116.5% CPU
Optimizing NNI: done in 0.0410821 secs using 114.9% CPU
Optimizing NNI: done in 0.0258551 secs using 116.2% CPU
Optimizing NNI: done in 0.0413549 secs using 114.5% CPU
Optimizing NNI: done in 0.0495381 secs using 114.7% CPU
Optimizing NNI: done in 0.0270491 secs using 115.3% CPU
Optimizing NNI: done in 0.053843 secs using 114.8% CPU
Optimizing NNI: done in 0.0539711 secs using 115.2% CPU
Optimizing NNI: done in 0.039196 secs using 116.2% CPU
Iteration 70 / LogL: -2337.949 / Time: 0h:0m:28s (0h:0m:1s left)
Optimizing NNI: done in 0.0400269 secs using 114.5% CPU
Optimizing NNI: done in 0.0264349 secs using 115.5% CPU
Optimizing NNI: done in 0.0274181 secs using 114% CPU
Optimizing NNI: done in 0.079875 secs using 115% CPU
Optimizing NNI: done in 0.0408468 secs using 115.1% CPU
Optimizing NNI: done in 0.0419271 secs using 115.7% CPU
Optimizing NNI: done in 0.0532472 secs using 115.4% CPU
Optimizing NNI: done in 0.0275941 secs using 114.8% CPU
Optimizing NNI: done in 0.064209 secs using 116.7% CPU
Optimizing NNI: done in 0.026953 secs using 115.4% CPU
Iteration 80 / LogL: -2331.398 / Time: 0h:0m:28s (0h:0m:1s left)
Optimizing NNI: done in 0.0401421 secs using 115.1% CPU
Optimizing NNI: done in 0.0274348 secs using 115.2% CPU
Optimizing NNI: done in 0.026922 secs using 115.4% CPU
Optimizing NNI: done in 0.0538139 secs using 114.8% CPU
Optimizing NNI: done in 0.0275819 secs using 115.2% CPU
Optimizing NNI: done in 0.0385342 secs using 115.8% CPU
Optimizing NNI: done in 0.0418029 secs using 114.6% CPU
Optimizing NNI: done in 0.040997 secs using 114.7% CPU
Optimizing NNI: done in 0.049346 secs using 115.6% CPU
Optimizing NNI: done in 0.039732 secs using 115.1% CPU
Iteration 90 / LogL: -2330.529 / Time: 0h:0m:28s (0h:0m:0s left)
Optimizing NNI: done in 0.0269279 secs using 115.8% CPU
Optimizing NNI: done in 0.037581 secs using 115.2% CPU
Optimizing NNI: done in 0.0371311 secs using 115.7% CPU
Optimizing NNI: done in 0.040503 secs using 115.5% CPU
Optimizing NNI: done in 0.0270169 secs using 115.9% CPU
Optimizing NNI: done in 0.022831 secs using 113.7% CPU
Optimizing NNI: done in 0.03738 secs using 116.2% CPU
Optimizing NNI: done in 0.0275111 secs using 115.2% CPU
Optimizing NNI: done in 0.053108 secs using 115.1% CPU
Optimizing NNI: done in 0.0535121 secs using 115.5% CPU
Iteration 100 / LogL: -2330.527 / Time: 0h:0m:29s (0h:0m:0s left)
Log-likelihood cutoff on original alignment: -2355.525
NOTE: Bootstrap correlation coefficient of split occurrence frequencies: 0.978
NOTE: UFBoot does not converge, continue at least 100 more iterations
Optimizing NNI: done in 0.027601 secs using 114.8% CPU
Optimizing NNI: done in 0.0405669 secs using 115.4% CPU
Optimizing NNI: done in 0.049952 secs using 118.2% CPU
Optimizing NNI: done in 0.0350561 secs using 113.8% CPU
Optimizing NNI: done in 0.099719 secs using 113.1% CPU
Optimizing NNI: done in 0.0434599 secs using 116% CPU
Optimizing NNI: done in 0.027082 secs using 114.6% CPU
Optimizing NNI: done in 0.0674541 secs using 115.2% CPU
Optimizing NNI: done in 0.0385101 secs using 122.8% CPU
Optimizing NNI: done in 0.028857 secs using 113.1% CPU
Iteration 110 / LogL: -2334.855 / Time: 0h:0m:29s (0h:0m:4s left)
Optimizing NNI: done in 0.0406001 secs using 115% CPU
Optimizing NNI: done in 0.0254281 secs using 116.9% CPU
Optimizing NNI: done in 0.039325 secs using 116% CPU
Optimizing NNI: done in 0.0416241 secs using 114.3% CPU
Optimizing NNI: done in 0.0396771 secs using 114.9% CPU
Optimizing NNI: done in 0.0420759 secs using 113.3% CPU
Optimizing NNI: done in 0.040534 secs using 113.8% CPU
Optimizing NNI: done in 0.05322 secs using 115.7% CPU
Optimizing NNI: done in 0.0497129 secs using 116.3% CPU
Optimizing NNI: done in 0.0387919 secs using 114.7% CPU
Iteration 120 / LogL: -2330.528 / Time: 0h:0m:30s (0h:0m:3s left)
Optimizing NNI: done in 0.049932 secs using 114.6% CPU
Optimizing NNI: done in 0.0408168 secs using 114% CPU
Optimizing NNI: done in 0.0509229 secs using 115.7% CPU
Optimizing NNI: done in 0.0264821 secs using 116.7% CPU
Optimizing NNI: done in 0.0275531 secs using 114.9% CPU
Optimizing NNI: done in 0.040421 secs using 115.1% CPU
Optimizing NNI: done in 0.0416451 secs using 115.6% CPU
Optimizing NNI: done in 0.0525022 secs using 116.5% CPU
Optimizing NNI: done in 0.0919862 secs using 116.7% CPU
Optimizing NNI: done in 0.040725 secs using 115.9% CPU
Iteration 130 / LogL: -2331.400 / Time: 0h:0m:30s (0h:0m:3s left)
Optimizing NNI: done in 0.039186 secs using 115.8% CPU
Optimizing NNI: done in 0.0535069 secs using 114.7% CPU
Optimizing NNI: done in 0.0267541 secs using 115.4% CPU
Optimizing NNI: done in 0.0403962 secs using 115.3% CPU
Optimizing NNI: done in 0.041929 secs using 113.2% CPU
Optimizing NNI: done in 0.054872 secs using 114% CPU
Optimizing NNI: done in 0.125793 secs using 71.09% CPU
Optimizing NNI: done in 0.0262411 secs using 124.9% CPU
Optimizing NNI: done in 0.0723381 secs using 114.6% CPU
Optimizing NNI: done in 0.037293 secs using 128.4% CPU
Iteration 140 / LogL: -2330.527 / Time: 0h:0m:31s (0h:0m:2s left)
Optimizing NNI: done in 0.0746951 secs using 116.8% CPU
Optimizing NNI: done in 0.0406241 secs using 115.7% CPU
Optimizing NNI: done in 0.0773449 secs using 105.6% CPU
Optimizing NNI: done in 0.038265 secs using 124% CPU
Optimizing NNI: done in 0.046011 secs using 103.1% CPU
Optimizing NNI: done in 0.04954 secs using 102.3% CPU
Optimizing NNI: done in 0.0437689 secs using 109.9% CPU
Optimizing NNI: done in 0.042681 secs using 118% CPU
Optimizing NNI: done in 0.0277159 secs using 114.5% CPU
Optimizing NNI: done in 0.056495 secs using 119.9% CPU
Iteration 150 / LogL: -2330.527 / Time: 0h:0m:31s (0h:0m:2s left)
Log-likelihood cutoff on original alignment: -2356.035
Optimizing NNI: done in 0.0459099 secs using 102% CPU
Optimizing NNI: done in 0.058867 secs using 105.3% CPU
Optimizing NNI: done in 0.0709901 secs using 111.7% CPU
Optimizing NNI: done in 0.0370281 secs using 124.2% CPU
Optimizing NNI: done in 0.0502882 secs using 113.4% CPU
Optimizing NNI: done in 0.0805812 secs using 114.6% CPU
Optimizing NNI: done in 0.0546238 secs using 114.6% CPU
Optimizing NNI: done in 0.0663259 secs using 118.2% CPU
Optimizing NNI: done in 0.0862522 secs using 108.1% CPU
Optimizing NNI: done in 0.0473492 secs using 99.45% CPU
Iteration 160 / LogL: -2333.285 / Time: 0h:0m:32s (0h:0m:1s left)
Optimizing NNI: done in 0.0265319 secs using 117.2% CPU
Optimizing NNI: done in 0.0486548 secs using 98.96% CPU
Optimizing NNI: done in 0.06159 secs using 107.8% CPU
Optimizing NNI: done in 0.089828 secs using 115.7% CPU
Optimizing NNI: done in 0.0490172 secs using 114.5% CPU
Optimizing NNI: done in 0.0391901 secs using 115.1% CPU
Optimizing NNI: done in 0.039938 secs using 113.7% CPU
Optimizing NNI: done in 0.0540719 secs using 114.8% CPU
Optimizing NNI: done in 0.0276959 secs using 114.6% CPU
Optimizing NNI: done in 0.0507181 secs using 116.5% CPU
Iteration 170 / LogL: -2351.237 / Time: 0h:0m:32s (0h:0m:1s left)
Optimizing NNI: done in 0.0400581 secs using 114.7% CPU
Optimizing NNI: done in 0.041821 secs using 114.6% CPU
Optimizing NNI: done in 0.0517521 secs using 114.8% CPU
Optimizing NNI: done in 0.04059 secs using 115.4% CPU
Optimizing NNI: done in 0.065419 secs using 115.2% CPU
Optimizing NNI: done in 0.039578 secs using 115.4% CPU
Optimizing NNI: done in 0.0259681 secs using 115.4% CPU
Optimizing NNI: done in 0.0230968 secs using 114.1% CPU
Optimizing NNI: done in 0.0803709 secs using 116% CPU
Optimizing NNI: done in 0.038697 secs using 116.1% CPU
Iteration 180 / LogL: -2330.527 / Time: 0h:0m:33s (0h:0m:0s left)
Optimizing NNI: done in 0.0524671 secs using 114.9% CPU
Optimizing NNI: done in 0.0523379 secs using 115.7% CPU
Optimizing NNI: done in 0.0273221 secs using 115.7% CPU
Optimizing NNI: done in 0.0275779 secs using 115.2% CPU
Optimizing NNI: done in 0.040199 secs using 114.4% CPU
Optimizing NNI: done in 0.054177 secs using 114.8% CPU
Optimizing NNI: done in 0.039752 secs using 115.8% CPU
Optimizing NNI: done in 0.0810971 secs using 114.8% CPU
Optimizing NNI: done in 0.050595 secs using 116.3% CPU
Optimizing NNI: done in 0.061219 secs using 116.2% CPU
Iteration 190 / LogL: -2330.528 / Time: 0h:0m:33s (0h:0m:0s left)
Optimizing NNI: done in 0.0645881 secs using 115.7% CPU
Optimizing NNI: done in 0.0260398 secs using 116.1% CPU
Optimizing NNI: done in 0.0765378 secs using 115.3% CPU
Optimizing NNI: done in 0.0540419 secs using 114.4% CPU
Optimizing NNI: done in 0.053401 secs using 115.6% CPU
Optimizing NNI: done in 0.0551069 secs using 115.6% CPU
Optimizing NNI: done in 0.0525298 secs using 115.3% CPU
Optimizing NNI: done in 0.055192 secs using 113.7% CPU
Optimizing NNI: done in 0.0384951 secs using 114.5% CPU
Optimizing NNI: done in 0.0273941 secs using 117% CPU
Iteration 200 / LogL: -2331.218 / Time: 0h:0m:34s (0h:0m:0s left)
Log-likelihood cutoff on original alignment: -2356.035
NOTE: Bootstrap correlation coefficient of split occurrence frequencies: 0.992
TREE SEARCH COMPLETED AFTER 200 ITERATIONS / Time: 0h:0m:34s

--------------------------------------------------------------------
|                    FINALIZING TREE SEARCH                        |
--------------------------------------------------------------------
Performs final model parameters optimization
Estimate model parameters (epsilon = 0.010)
1. Initial log-likelihood: -2330.526
Optimal log-likelihood: -2330.526
Gamma shape alpha: 0.465
Parameters optimization took 1 rounds (0.007 sec)
BEST SCORE FOUND : -2330.526

Testing tree branches by SH-like aLRT with 1000 replicates...
0.046 sec.
Creating bootstrap support values...
Split supports printed to NEXUS file RAG2_data_set/RAG2_trimmed.fasta.splits.nex
Total tree length: 0.236

Total number of iterations: 200
CPU time used for tree search: 11.026 sec (0h:0m:11s)
Wall-clock time used for tree search: 9.673 sec (0h:0m:9s)
Total CPU time used: 40.728 sec (0h:0m:40s)
Total wall-clock time used: 34.550 sec (0h:0m:34s)

Computing bootstrap consensus tree...
Reading input file RAG2_data_set/RAG2_trimmed.fasta.splits.nex...
18 taxa and 193 splits.
Consensus tree written to RAG2_data_set/RAG2_trimmed.fasta.contree
Reading input trees file RAG2_data_set/RAG2_trimmed.fasta.contree
Log-likelihood of consensus tree: -2330.536

Analysis results written to: 
  IQ-TREE report:                RAG2_data_set/RAG2_trimmed.fasta.iqtree
  Maximum-likelihood tree:       RAG2_data_set/RAG2_trimmed.fasta.treefile
  Likelihood distances:          RAG2_data_set/RAG2_trimmed.fasta.mldist

Ultrafast bootstrap approximation results written to:
  Split support values:          RAG2_data_set/RAG2_trimmed.fasta.splits.nex
  Consensus tree:                RAG2_data_set/RAG2_trimmed.fasta.contree
  Screen log file:               RAG2_data_set/RAG2_trimmed.fasta.log

Date and Time: Thu Nov 13 23:17:53 2025
