IQ-TREE version 3.0.1 for MacOS ARM 64-bit built May  5 2025
Developed by Bui Quang Minh, Thomas Wong, Nhan Ly-Trong, Huaiyan Ren
Contributed by Lam-Tung Nguyen, Dominik Schrempf, Chris Bielow,
Olga Chernomor, Michael Woodhams, Diep Thi Hoang, Heiko Schmidt

Host:    Meaghans-MacBook-Air.local (SSE4.2, 8 GB RAM)
Command: ./bin/iqtree3 -s SM/new_core_region.fasta -m GTR+F+R -g SM/primates_constraint.nwk -B 1000 --alrt 1000 --abayes -T AUTO -redo
Seed:    323476 (Using SPRNG - Scalable Parallel Random Number Generator)
Time:    Wed Nov 26 15:49:46 2025
Kernel:  SSE2 - auto-detect threads (8 CPU cores detected)

Reading alignment file SM/new_core_region.fasta ... Fasta format detected
Reading fasta file: done in 0.00947714 secs using 75.88% CPU
Alignment most likely contains DNA/RNA sequences
Constructing alignment: done in 0.0109491 secs using 66.58% CPU
Alignment has 51 sequences with 15883 columns, 9982 distinct patterns
9040 parsimony-informative, 2057 singleton sites, 4786 constant sites
                                   Gap/Ambiguity  Composition  p-value
Analyzing sequences: done in 0.000613928 secs using 230.8% CPU
   1  Alouatta_caraya                      0.51%    passed     19.34%
   2  Aotus_nancymaae                      1.15%    failed      0.00%
   3  Avahi_laniger                        1.01%    failed      0.00%
   4  Brachyteles_arachnoides              0.53%    passed     10.57%
   5  Callithrix_geoffroyi                 0.74%    passed     32.59%
   6  Cebus_imitator                       1.03%    failed      0.07%
   7  Cercocebus_atys_atys                 0.40%    failed      0.00%
   8  Cheirogaleus_sibreei                 1.73%    failed      0.00%
   9  Cheracebus_lucifer                   0.65%    failed      0.00%
  10  Cheracebus_lugens                    0.64%    failed      0.00%
  11  Chiropotes_sagulatus                 0.69%    failed      0.00%
  12  Cynocephalus_volans                  0.82%    failed      0.00%
  13  Eulemur_macaco_macaco                0.84%    failed      0.00%
  14  Eulemur_rufus                        1.88%    failed      0.00%
  15  Galagoides_thomasi                  97.37%    passed     38.43%
  16  Gorilla_gorilla_gorilla              0.90%    failed      0.00%
  17  Hapalemur_griseus_griseus            7.20%    failed      0.00%
  18  Homo_heidelbergensis                 3.87%    failed      0.00%
  19  Homo_sapiens                        67.19%    failed      0.00%
  20  Hylobates_pileatus                   0.47%    failed      0.00%
  21  Lemur_catta                          0.94%    failed      0.00%
  22  Leontopithecus_rosalia               0.68%    failed      0.00%
  23  Lepilemur_aeeclis                    1.02%    passed     40.27%
  24  Lophocebus_aterrimus                 0.37%    failed      0.00%
  25  Loris_lydekkerianus_lydekkerianus    2.13%    failed      0.02%
  26  Macaca_tonkeana                      0.35%    failed      0.00%
  27  Megaladapis_edwardsi                 1.49%    failed      0.09%
  28  Mico_argentatus                      0.61%    passed     26.92%
  29  Miopithecus_talapoin                 6.24%    failed      0.00%
  30  Nasalis_larvatus                     0.39%    failed      0.21%
  31  Nomascus_leucogenys                  0.48%    failed      0.00%
  32  Pachylemur_jullyi                    7.00%    failed      0.64%
  33  Palaeopropithecus_ingens             0.83%    failed      0.23%
  34  Pan_troglodytes_ellioti              0.35%    failed      0.00%
  35  Papio_papio                          0.48%    failed      0.00%
  36  Papio_ursinus                        0.52%    failed      0.00%
  37  Perodicticus_potto_edwarsi           1.78%    failed      0.00%
  38  Phaner_electromontis                 1.11%    failed      0.00%
  39  Piliocolobus_badius                  0.42%    failed      0.00%
  40  Pithecia_vanzolinii                  0.62%    passed     12.25%
  41  Plecturocebus_bernhardi              0.67%    failed      0.00%
  42  Pongo_pygmaeus                       0.81%    failed      0.00%
  43  Prolemur_simus                       1.02%    failed      0.00%
  44  Rhinopithecus_bieti                  0.40%    failed      0.00%
  45  Saguinus_oedipus                    22.01%    failed      4.89%
  46  Sapajus_xanthosternos                0.78%    failed      1.94%
  47  Semnopithecus_entellus               0.52%    failed      0.00%
  48  Simias_concolor                      0.40%    failed      0.11%
  49  Tarsius_wallacei                     0.87%    failed      0.00%
  50  Xanthonycticebus_pygmaeus            1.52%    passed     11.69%
  51  Xenothrix_mcgregori                 14.75%    passed     39.28%
WARNING: 2 sequences contain more than 50% gaps/ambiguity
****  TOTAL                                5.12%  42 sequences failed composition chi2 test (p-value<5%; df=3)
Reading constraint tree SM/primates_constraint.nwk...
WARNING: Rooted constraint tree will be treated as unrooted tree
INFO: Constraint tree will be applied to ML tree and all bootstrap trees.
Creating fast initial parsimony tree by random order stepwise addition...
0.376 seconds, parsimony score: 74469 (based on 11097 sites)
Generating 1000 samples for ultrafast bootstrap (seed: 323476)...

NOTE: 104 MB RAM (0 GB) is required!
Measuring multi-threading efficiency up to 8 CPU cores
Increase to 10 rounds for branch lengths
10 trees examined
Threads: 1 / Time: 8.126 sec / Speedup: 1.000 / Efficiency: 100% / LogL: -431978
Threads: 2 / Time: 5.520 sec / Speedup: 1.472 / Efficiency: 74% / LogL: -431978
Threads: 3 / Time: 3.876 sec / Speedup: 2.097 / Efficiency: 70% / LogL: -431978
Threads: 4 / Time: 3.407 sec / Speedup: 2.385 / Efficiency: 60% / LogL: -431978
Threads: 5 / Time: 4.088 sec / Speedup: 1.988 / Efficiency: 40% / LogL: -431978
Determining AUTO threadcount: done in 25.0247 secs using 176.9% CPU
BEST NUMBER OF THREADS: 4

Estimate model parameters (epsilon = 0.100)
1. Initial log-likelihood: -341846.898
2. Current log-likelihood: -311995.082
3. Current log-likelihood: -304043.407
4. Current log-likelihood: -303801.230
5. Current log-likelihood: -303771.338
6. Current log-likelihood: -303753.620
7. Current log-likelihood: -303742.467
8. Current log-likelihood: -303735.580
9. Current log-likelihood: -303731.250
10. Current log-likelihood: -303728.454
11. Current log-likelihood: -303726.787
12. Current log-likelihood: -303725.706
13. Current log-likelihood: -303725.138
14. Current log-likelihood: -303724.752
15. Current log-likelihood: -303724.580
16. Current log-likelihood: -303724.457
Optimal log-likelihood: -303724.310
Rate parameters:  A-C: 2.13397  A-G: 10.75063  A-T: 2.01771  C-G: 0.67041  C-T: 17.01311  G-T: 1.00000
Base frequencies:  A: 0.320  C: 0.275  G: 0.132  T: 0.273
Site proportion and rates:  (0.436,0.040) (0.170,0.483) (0.225,1.524) (0.168,3.305)
Parameters optimization took 16 rounds (7.606 sec)
Wrote distance file to... 
--------------------------------------------------------------------
|             INITIALIZING CANDIDATE TREE SET                      |
--------------------------------------------------------------------
Generating 99 parsimony trees... 0.380 second
Computing log-likelihood of 99 initial trees ... 4.662 seconds
Current best score: -303724.310

Do NNI search on 20 best initial trees
Optimizing NNI: done in 0.592804 secs using 272.8% CPU
Estimate model parameters (epsilon = 0.100)
BETTER TREE FOUND at iteration 1: -303441.738
Optimizing NNI: done in 0.783092 secs using 277.6% CPU
Estimate model parameters (epsilon = 0.100)
BETTER TREE FOUND at iteration 2: -303434.073
Optimizing NNI: done in 0.817166 secs using 277.3% CPU
Estimate model parameters (epsilon = 0.100)
BETTER TREE FOUND at iteration 3: -303431.516
Optimizing NNI: done in 0.76681 secs using 279.2% CPU
Optimizing NNI: done in 0.767826 secs using 280.9% CPU
Optimizing NNI: done in 0.808182 secs using 277.8% CPU
Optimizing NNI: done in 0.828627 secs using 268.4% CPU
Optimizing NNI: done in 0.698091 secs using 279.5% CPU
Optimizing NNI: done in 0.74682 secs using 281.5% CPU
Optimizing NNI: done in 0.711098 secs using 281.9% CPU
Iteration 10 / LogL: -303442.556 / Time: 0h:0m:48s
Optimizing NNI: done in 0.830277 secs using 279.3% CPU
Optimizing NNI: done in 0.787627 secs using 281% CPU
Optimizing NNI: done in 0.927455 secs using 253% CPU
Optimizing NNI: done in 0.784101 secs using 280.3% CPU
Optimizing NNI: done in 0.900682 secs using 251.7% CPU
Optimizing NNI: done in 0.870306 secs using 252.5% CPU
Optimizing NNI: done in 0.954313 secs using 252.8% CPU
Optimizing NNI: done in 0.950633 secs using 251.5% CPU
Optimizing NNI: done in 0.705944 secs using 283.8% CPU
Optimizing NNI: done in 0.84781 secs using 275.2% CPU
Iteration 20 / LogL: -303433.129 / Time: 0h:0m:57s
Finish initializing candidate tree set (8)
Current best tree score: -303431.516 / CPU time: 24.159
Number of iterations: 20
--------------------------------------------------------------------
|               OPTIMIZING CANDIDATE TREE SET                      |
--------------------------------------------------------------------
Optimizing NNI: done in 0.733209 secs using 251.1% CPU
Optimizing NNI: done in 0.900328 secs using 260.2% CPU
Optimizing NNI: done in 0.859081 secs using 252.3% CPU
Optimizing NNI: done in 1.084 secs using 212.8% CPU
Optimizing NNI: done in 0.827569 secs using 223.9% CPU
Optimizing NNI: done in 0.743067 secs using 256.5% CPU
Optimizing NNI: done in 0.792772 secs using 257.6% CPU
Estimate model parameters (epsilon = 0.100)
BETTER TREE FOUND at iteration 27: -303431.006
Optimizing NNI: done in 0.634004 secs using 243.7% CPU
Optimizing NNI: done in 0.878676 secs using 251.6% CPU
Optimizing NNI: done in 0.744947 secs using 251.7% CPU
Iteration 30 / LogL: -303431.910 / Time: 0h:1m:6s (0h:3m:39s left)
Optimizing NNI: done in 0.67772 secs using 255.4% CPU
Optimizing NNI: done in 0.912249 secs using 256.7% CPU
Optimizing NNI: done in 0.798259 secs using 255.9% CPU
Optimizing NNI: done in 0.778659 secs using 256.8% CPU
Optimizing NNI: done in 0.695641 secs using 249.2% CPU
Optimizing NNI: done in 0.927147 secs using 256.9% CPU
Estimate model parameters (epsilon = 0.100)
UPDATE BEST LOG-LIKELIHOOD: -303429.345
Optimizing NNI: done in 0.788648 secs using 258.4% CPU
Optimizing NNI: done in 0.61128 secs using 256.1% CPU
Optimizing NNI: done in 0.784478 secs using 252.1% CPU
Optimizing NNI: done in 0.815134 secs using 255.2% CPU
Iteration 40 / LogL: -303437.227 / Time: 0h:1m:14s (0h:2m:45s left)
Optimizing NNI: done in 0.999677 secs using 253.7% CPU
Optimizing NNI: done in 1.02805 secs using 240.3% CPU
Optimizing NNI: done in 0.65827 secs using 256.7% CPU
Optimizing NNI: done in 0.820305 secs using 252.9% CPU
Optimizing NNI: done in 0.61717 secs using 255% CPU
Optimizing NNI: done in 0.758319 secs using 256.7% CPU
Optimizing NNI: done in 0.758081 secs using 257.5% CPU
Estimate model parameters (epsilon = 0.100)
UPDATE BEST LOG-LIKELIHOOD: -303428.728
Optimizing NNI: done in 1.12609 secs using 201.3% CPU
Optimizing NNI: done in 1.02767 secs using 210.2% CPU
Optimizing NNI: done in 2.24267 secs using 112.8% CPU
Iteration 50 / LogL: -303431.999 / Time: 0h:1m:25s (0h:2m:13s left)
Log-likelihood cutoff on original alignment: -303492.368
Optimizing NNI: done in 2.45663 secs using 73.5% CPU
Optimizing NNI: done in 1.21041 secs using 158.6% CPU
Optimizing NNI: done in 1.07565 secs using 199.9% CPU
Optimizing NNI: done in 1.15203 secs using 234.3% CPU
Optimizing NNI: done in 0.641266 secs using 235.9% CPU
Optimizing NNI: done in 0.974661 secs using 225.6% CPU
Optimizing NNI: done in 1.13355 secs using 226.8% CPU
Optimizing NNI: done in 1.0117 secs using 232.6% CPU
Optimizing NNI: done in 0.812603 secs using 220.8% CPU
Optimizing NNI: done in 0.990658 secs using 220.8% CPU
Iteration 60 / LogL: -303431.617 / Time: 0h:1m:37s (0h:1m:50s left)
Optimizing NNI: done in 1.01998 secs using 226% CPU
Optimizing NNI: done in 0.649884 secs using 238% CPU
Optimizing NNI: done in 0.800257 secs using 229.6% CPU
Optimizing NNI: done in 0.893847 secs using 253.5% CPU
Optimizing NNI: done in 0.761484 secs using 255.1% CPU
Optimizing NNI: done in 0.80074 secs using 249.6% CPU
Optimizing NNI: done in 0.813639 secs using 260.5% CPU
Optimizing NNI: done in 0.659415 secs using 258.2% CPU
Optimizing NNI: done in 0.835042 secs using 256.8% CPU
Optimizing NNI: done in 0.80411 secs using 257.7% CPU
Iteration 70 / LogL: -303429.499 / Time: 0h:1m:45s (0h:1m:27s left)
Optimizing NNI: done in 0.793252 secs using 256.2% CPU
Optimizing NNI: done in 0.776966 secs using 249.5% CPU
Optimizing NNI: done in 0.695362 secs using 256.6% CPU
Optimizing NNI: done in 0.754351 secs using 256.4% CPU
Optimizing NNI: done in 0.757503 secs using 257.1% CPU
Optimizing NNI: done in 0.851771 secs using 258% CPU
Optimizing NNI: done in 0.674002 secs using 245.6% CPU
Optimizing NNI: done in 0.767436 secs using 238.1% CPU
Optimizing NNI: done in 0.757374 secs using 258.4% CPU
Optimizing NNI: done in 0.874073 secs using 257.5% CPU
Iteration 80 / LogL: -303430.963 / Time: 0h:1m:53s (0h:1m:7s left)
Optimizing NNI: done in 0.724842 secs using 257.1% CPU
Optimizing NNI: done in 0.685121 secs using 254.2% CPU
Optimizing NNI: done in 0.556874 secs using 259% CPU
Optimizing NNI: done in 0.75507 secs using 248% CPU
Optimizing NNI: done in 0.645369 secs using 256.4% CPU
Estimate model parameters (epsilon = 0.100)
UPDATE BEST LOG-LIKELIHOOD: -303428.325
Optimizing NNI: done in 0.843834 secs using 243.4% CPU
Optimizing NNI: done in 0.815473 secs using 259.2% CPU
Optimizing NNI: done in 0.830343 secs using 236.4% CPU
Optimizing NNI: done in 1.06194 secs using 194.8% CPU
Optimizing NNI: done in 0.966708 secs using 193% CPU
Iteration 90 / LogL: -303429.049 / Time: 0h:2m:2s (0h:0m:50s left)
Optimizing NNI: done in 1.47681 secs using 195% CPU
Optimizing NNI: done in 0.743392 secs using 252.7% CPU
Optimizing NNI: done in 0.735071 secs using 246.9% CPU
Optimizing NNI: done in 1.08034 secs using 178.2% CPU
Optimizing NNI: done in 1.11913 secs using 195.1% CPU
Optimizing NNI: done in 1.09033 secs using 219.1% CPU
Optimizing NNI: done in 0.870078 secs using 236.2% CPU
Optimizing NNI: done in 0.723995 secs using 238.5% CPU
Optimizing NNI: done in 0.876809 secs using 229.2% CPU
Optimizing NNI: done in 0.823225 secs using 259.6% CPU
Iteration 100 / LogL: -303431.498 / Time: 0h:2m:11s (0h:0m:35s left)
Log-likelihood cutoff on original alignment: -303492.368
NOTE: Bootstrap correlation coefficient of split occurrence frequencies: 0.999
Optimizing NNI: done in 0.727097 secs using 248.4% CPU
Optimizing NNI: done in 0.829545 secs using 257.7% CPU
Optimizing NNI: done in 0.793613 secs using 257.7% CPU
Optimizing NNI: done in 1.02129 secs using 260.7% CPU
Optimizing NNI: done in 0.807481 secs using 255.7% CPU
Optimizing NNI: done in 0.810417 secs using 222.7% CPU
Optimizing NNI: done in 0.932894 secs using 228.8% CPU
Estimate model parameters (epsilon = 0.100)
UPDATE BEST LOG-LIKELIHOOD: -303428.166
Optimizing NNI: done in 0.654402 secs using 234.4% CPU
Optimizing NNI: done in 0.833915 secs using 249.7% CPU
Optimizing NNI: done in 0.884698 secs using 215.1% CPU
Estimate model parameters (epsilon = 0.100)
UPDATE BEST LOG-LIKELIHOOD: -303427.824
Iteration 110 / LogL: -303427.824 / Time: 0h:2m:20s (0h:1m:55s left)
Optimizing NNI: done in 1.3652 secs using 203.7% CPU
Optimizing NNI: done in 0.823087 secs using 206.3% CPU
Optimizing NNI: done in 0.708024 secs using 230.3% CPU
Optimizing NNI: done in 0.834222 secs using 253.8% CPU
Optimizing NNI: done in 0.905269 secs using 250.7% CPU
Optimizing NNI: done in 0.999018 secs using 253.3% CPU
Optimizing NNI: done in 0.947689 secs using 230.4% CPU
Optimizing NNI: done in 0.701936 secs using 239.6% CPU
Optimizing NNI: done in 0.971854 secs using 252.2% CPU
Optimizing NNI: done in 0.967967 secs using 251.3% CPU
Iteration 120 / LogL: -303429.012 / Time: 0h:2m:30s (0h:1m:40s left)
Optimizing NNI: done in 0.646693 secs using 253.9% CPU
Optimizing NNI: done in 0.666235 secs using 259.6% CPU
Optimizing NNI: done in 0.910037 secs using 253.3% CPU
Optimizing NNI: done in 0.701665 secs using 260.2% CPU
Optimizing NNI: done in 0.742539 secs using 259% CPU
Optimizing NNI: done in 0.746601 secs using 258.8% CPU
Optimizing NNI: done in 1.00656 secs using 258% CPU
Optimizing NNI: done in 0.836987 secs using 258% CPU
TREE SEARCH COMPLETED AFTER 128 ITERATIONS / Time: 0h:2m:36s

--------------------------------------------------------------------
|                    FINALIZING TREE SEARCH                        |
--------------------------------------------------------------------
Performs final model parameters optimization
Estimate model parameters (epsilon = 0.010)
1. Initial log-likelihood: -303427.824
2. Current log-likelihood: -303427.794
3. Current log-likelihood: -303427.753
4. Current log-likelihood: -303427.713
5. Current log-likelihood: -303427.676
6. Current log-likelihood: -303427.640
7. Current log-likelihood: -303427.605
8. Current log-likelihood: -303427.572
9. Current log-likelihood: -303427.541
10. Current log-likelihood: -303427.521
11. Current log-likelihood: -303427.510
Optimal log-likelihood: -303427.491
Rate parameters:  A-C: 2.11982  A-G: 10.71467  A-T: 2.00818  C-G: 0.67044  C-T: 17.00785  G-T: 1.00000
Base frequencies:  A: 0.320  C: 0.275  G: 0.132  T: 0.273
Site proportion and rates:  (0.438,0.040) (0.175,0.500) (0.227,1.568) (0.161,3.358)
Parameters optimization took 11 rounds (2.167 sec)
BEST SCORE FOUND : -303427.491

Testing tree branches by SH-like aLRT with 1000 replicates...
Testing tree branches by aBayes parametric test...
WARNING: Branch where both NNIs violate constraint tree will show 100% SH-aLRT support
2.597 sec.
Creating bootstrap support values...
Split supports printed to NEXUS file SM/new_core_region.fasta.splits.nex
Total tree length: 17.626

Total number of iterations: 128
CPU time used for tree search: 296.342 sec (0h:4m:56s)
Wall-clock time used for tree search: 123.305 sec (0h:2m:3s)
Total CPU time used: 379.317 sec (0h:6m:19s)
Total wall-clock time used: 161.303 sec (0h:2m:41s)

Computing bootstrap consensus tree...
Reading input file SM/new_core_region.fasta.splits.nex...
51 taxa and 126 splits.
Consensus tree written to SM/new_core_region.fasta.contree
Reading input trees file SM/new_core_region.fasta.contree
Log-likelihood of consensus tree: -303427.423

Analysis results written to: 
  IQ-TREE report:                SM/new_core_region.fasta.iqtree
  Maximum-likelihood tree:       SM/new_core_region.fasta.treefile

Ultrafast bootstrap approximation results written to:
  Split support values:          SM/new_core_region.fasta.splits.nex
  Consensus tree:                SM/new_core_region.fasta.contree
  Screen log file:               SM/new_core_region.fasta.log

Date and Time: Wed Nov 26 15:52:30 2025
