IQ-TREE version 3.0.1 for MacOS ARM 64-bit built May  5 2025
Developed by Bui Quang Minh, Thomas Wong, Nhan Ly-Trong, Huaiyan Ren
Contributed by Lam-Tung Nguyen, Dominik Schrempf, Chris Bielow,
Olga Chernomor, Michael Woodhams, Diep Thi Hoang, Heiko Schmidt

Host:    Meaghans-MacBook-Air.local (SSE4.2, 8 GB RAM)
Command: bin/iqtree3 -s Supermatrix.iqtree/new_core_region.fasta -st DNA -m MFP -bb 1000 -alrt 1000 -nt AUTO
Seed:    684377 (Using SPRNG - Scalable Parallel Random Number Generator)
Time:    Fri Nov 21 23:08:36 2025
Kernel:  SSE2 - auto-detect threads (8 CPU cores detected)

Reading alignment file Supermatrix.iqtree/new_core_region.fasta ... Fasta format detected
Reading fasta file: done in 0.012876 secs using 89.31% CPU
Alignment most likely contains DNA/RNA sequences
Constructing alignment: done in 0.0171089 secs using 58.56% CPU
Alignment has 51 sequences with 15883 columns, 9982 distinct patterns
9040 parsimony-informative, 2057 singleton sites, 4786 constant sites
                                   Gap/Ambiguity  Composition  p-value
Analyzing sequences: done in 0.000513792 secs using 299.3% CPU
   1  Alouatta_caraya                      0.51%    passed     19.34%
   2  Aotus_nancymaae                      1.15%    failed      0.00%
   3  Avahi_laniger                        1.01%    failed      0.00%
   4  Brachyteles_arachnoides              0.53%    passed     10.57%
   5  Callithrix_geoffroyi                 0.74%    passed     32.59%
   6  Cebus_imitator                       1.03%    failed      0.07%
   7  Cercocebus_atys_atys                 0.40%    failed      0.00%
   8  Cheirogaleus_sibreei                 1.73%    failed      0.00%
   9  Cheracebus_lucifer                   0.65%    failed      0.00%
  10  Cheracebus_lugens                    0.64%    failed      0.00%
  11  Chiropotes_sagulatus                 0.69%    failed      0.00%
  12  Cynocephalus_volans                  0.82%    failed      0.00%
  13  Eulemur_macaco_macaco                0.84%    failed      0.00%
  14  Eulemur_rufus                        1.88%    failed      0.00%
  15  Galagoides_thomasi                  97.37%    passed     38.43%
  16  Gorilla_gorilla_gorilla              0.90%    failed      0.00%
  17  Hapalemur_griseus_griseus            7.20%    failed      0.00%
  18  Homo_heidelbergensis                 3.87%    failed      0.00%
  19  Homo_sapiens                        67.19%    failed      0.00%
  20  Hylobates_pileatus                   0.47%    failed      0.00%
  21  Lemur_catta                          0.94%    failed      0.00%
  22  Leontopithecus_rosalia               0.68%    failed      0.00%
  23  Lepilemur_aeeclis                    1.02%    passed     40.27%
  24  Lophocebus_aterrimus                 0.37%    failed      0.00%
  25  Loris_lydekkerianus_lydekkerianus    2.13%    failed      0.02%
  26  Macaca_tonkeana                      0.35%    failed      0.00%
  27  Megaladapis_edwardsi                 1.49%    failed      0.09%
  28  Mico_argentatus                      0.61%    passed     26.92%
  29  Miopithecus_talapoin                 6.24%    failed      0.00%
  30  Nasalis_larvatus                     0.39%    failed      0.21%
  31  Nomascus_leucogenys                  0.48%    failed      0.00%
  32  Pachylemur_jullyi                    7.00%    failed      0.64%
  33  Palaeopropithecus_ingens             0.83%    failed      0.23%
  34  Pan_troglodytes_ellioti              0.35%    failed      0.00%
  35  Papio_papio                          0.48%    failed      0.00%
  36  Papio_ursinus                        0.52%    failed      0.00%
  37  Perodicticus_potto_edwarsi           1.78%    failed      0.00%
  38  Phaner_electromontis                 1.11%    failed      0.00%
  39  Piliocolobus_badius                  0.42%    failed      0.00%
  40  Pithecia_vanzolinii                  0.62%    passed     12.25%
  41  Plecturocebus_bernhardi              0.67%    failed      0.00%
  42  Pongo_pygmaeus                       0.81%    failed      0.00%
  43  Prolemur_simus                       1.02%    failed      0.00%
  44  Rhinopithecus_bieti                  0.40%    failed      0.00%
  45  Saguinus_oedipus                    22.01%    failed      4.89%
  46  Sapajus_xanthosternos                0.78%    failed      1.94%
  47  Semnopithecus_entellus               0.52%    failed      0.00%
  48  Simias_concolor                      0.40%    failed      0.11%
  49  Tarsius_wallacei                     0.87%    failed      0.00%
  50  Xanthonycticebus_pygmaeus            1.52%    passed     11.69%
  51  Xenothrix_mcgregori                 14.75%    passed     39.28%
WARNING: 2 sequences contain more than 50% gaps/ambiguity
****  TOTAL                                5.12%  42 sequences failed composition chi2 test (p-value<5%; df=3)
Checking for duplicate sequences: done in 0.00119305 secs using 97.65% CPU


Create initial parsimony tree by phylogenetic likelihood library (PLL)... 0.026 seconds
Measuring multi-threading efficiency up to 8 CPU cores
Increase to 10 rounds for branch lengths
13 trees examined
Threads: 1 / Time: 8.459 sec / Speedup: 1.000 / Efficiency: 100% / LogL: -424689
Threads: 2 / Time: 6.066 sec / Speedup: 1.395 / Efficiency: 70% / LogL: -424689
Threads: 3 / Time: 4.715 sec / Speedup: 1.794 / Efficiency: 60% / LogL: -424689
Threads: 4 / Time: 4.042 sec / Speedup: 2.093 / Efficiency: 52% / LogL: -424689
Threads: 5 / Time: 4.283 sec / Speedup: 1.975 / Efficiency: 40% / LogL: -424689
Determining AUTO threadcount: done in 27.5709 secs using 167.4% CPU
BEST NUMBER OF THREADS: 4

Perform fast likelihood tree search using GTR+I+G model...
Estimate model parameters (epsilon = 5.000)
Perform nearest neighbor interchange...
Optimizing NNI: done in 0.422934 secs using 216.4% CPU
Estimate model parameters (epsilon = 1.000)
1. Initial log-likelihood: -303962.592
2. Current log-likelihood: -303959.892
3. Current log-likelihood: -303958.053
4. Current log-likelihood: -303956.839
Optimal log-likelihood: -303955.604
Rate parameters:  A-C: 2.18144  A-G: 11.22700  A-T: 2.08711  C-G: 0.66758  C-T: 17.99947  G-T: 1.00000
Base frequencies:  A: 0.320  C: 0.275  G: 0.132  T: 0.273
Proportion of invariable sites: 0.179
Gamma shape alpha: 0.635
Parameters optimization took 4 rounds (0.495 sec)
Time for fast ML tree search: 2.974 seconds

NOTE: ModelFinder requires 203 MB RAM!
ModelFinder will test up to 968 DNA models (sample size: 15883 epsilon: 0.100) ...
 No. Model         -LnL         df  AIC          AICc         BIC
  1  JC            372198.991   99  744595.983   744597.237   745355.610
  2  JC+I          352720.559   100 705641.119   705642.399   706408.419
  3  JC+G4         337581.320   100 675362.640   675363.920   676129.941
  4  JC+I+G4       337332.277   101 674866.554   674867.860   675641.528
  5  JC+R2         339589.736   101 679381.471   679382.777   680156.445
  6  JC+R3         336819.715   103 673845.430   673846.788   674635.750
  7  JC+R4         336703.262   105 673616.525   673617.936   674422.190
+R5 reinitialized from +R4 with factor 0.500
+R5 reinitialized from +R4 with factor 0.250
+R5 reinitialized from +R4 with factor 0.125
+R5 reinitialized from +R4 with factor 0.062
+R5 reinitialized from +R4 with factor 0.031
  8  JC+R5         336703.632   107 673621.263   673622.728   674442.275
 14  JC+I+R2       338661.607   102 677527.214   677528.545   678309.860
 15  JC+I+R3       336818.779   104 673845.558   673846.942   674643.550
 16  JC+I+R4       336705.670   106 673623.339   673624.777   674436.678
 17  JC+I+R5       336705.587   108 673627.173   673628.666   674455.858
 29  JC+R4         336703.262   105 673616.525   673617.936   674422.190
 51  F81+R4        336703.538   105 673617.075   673618.486   674422.741
 73  F81+F+R4      332365.457   108 664946.914   664948.407   665775.599
 95  K2P+R4        312492.574   106 625197.149   625198.587   626010.487
117  K2P+R4        312492.574   106 625197.149   625198.587   626010.487
139  HKY+R4        312492.503   106 625197.006   625198.444   626010.345
161  HKY+F+R4      304363.214   109 608944.428   608945.949   609780.786
183  TNe+R4        308484.709   107 617183.418   617184.883   618004.430
205  TNe+R4        308484.709   107 617183.418   617184.883   618004.429
227  TN+R4         308484.604   107 617183.208   617184.673   618004.219
249  TN+F+R4       303922.319   110 608064.637   608066.186   608908.668
271  K3P+R4        312322.850   107 624859.701   624861.166   625680.712
293  K3P+R4        312322.851   107 624859.701   624861.166   625680.712
315  K3Pu+R4       312322.774   107 624859.548   624861.013   625680.560
337  K3Pu+F+R4     304328.957   110 608877.915   608879.463   609721.945
359  TPM2+R4       308902.797   107 618019.594   618021.059   618840.606
381  TPM2+R4       308902.797   107 618019.594   618021.059   618840.606
403  TPM2u+R4      308900.504   107 618015.008   618016.473   618836.019
425  TPM2u+F+R4    303913.756   110 608047.511   608049.059   608891.542
447  TPM3+R4       312504.988   107 625223.976   625225.441   626044.987
469  TPM3+R4       312504.988   107 625223.976   625225.441   626044.987
491  TPM3u+R4      312504.121   107 625222.242   625223.708   626043.254
513  TPM3u+F+R4    304359.088   110 608938.176   608939.724   609782.207
535  TIMe+R4       308340.580   108 616897.161   616898.653   617725.845
557  TIMe+R4       308340.580   108 616897.161   616898.653   617725.845
579  TIM+R4        308340.506   108 616897.011   616898.504   617725.696
601  TIM+F+R4      303908.486   111 608038.973   608040.549   608890.676
623  TIM2e+R4      305249.903   108 610715.805   610717.298   611544.490
645  TIM2e+R4      305249.903   108 610715.805   610717.298   611544.490
667  TIM2+R4       305249.768   108 610715.536   610717.029   611544.221
689  TIM2+F+R4     303410.919   111 607043.839   607045.415   607895.542
711  TIM3e+R4      308476.140   108 617168.280   617169.772   617996.964
733  TIM3e+R4      308476.140   108 617168.280   617169.772   617996.964
755  TIM3+R4       308476.066   108 617168.131   617169.624   617996.816
777  TIM3+F+R4     303915.547   111 608053.095   608054.671   608904.798
799  TVMe+R4       308859.145   109 617936.291   617937.811   618772.648
821  TVMe+R4       308859.145   109 617936.291   617937.811   618772.648
843  TVM+R4        308859.067   109 617936.134   617937.654   618772.491
865  TVM+F+R4      303863.492   112 607950.985   607952.590   608810.361
887  SYM+R4        305227.505   110 610675.009   610676.558   611519.040
909  SYM+R4        305227.505   110 610675.009   610676.558   611519.040
931  GTR+R4        305227.400   110 610674.799   610676.348   611518.830
953  GTR+F+R4      303393.288   113 607012.575   607014.209   607879.625
Akaike Information Criterion:           GTR+F+R4
Corrected Akaike Information Criterion: GTR+F+R4
Bayesian Information Criterion:         GTR+F+R4
Best-fit model: GTR+F+R4 chosen according to BIC

All model information printed to Supermatrix.iqtree/new_core_region.fasta.model.gz
CPU time for ModelFinder: 493.152 seconds (0h:8m:13s)
Wall-clock time for ModelFinder: 179.545 seconds (0h:2m:59s)
Generating 1000 samples for ultrafast bootstrap (seed: 684377)...

NOTE: 104 MB RAM (0 GB) is required!
Estimate model parameters (epsilon = 0.100)
1. Initial log-likelihood: -303393.288
Optimal log-likelihood: -303393.190
Rate parameters:  A-C: 2.11469  A-G: 10.72644  A-T: 2.00546  C-G: 0.66777  C-T: 17.00356  G-T: 1.00000
Base frequencies:  A: 0.320  C: 0.275  G: 0.132  T: 0.273
Site proportion and rates:  (0.438,0.039) (0.174,0.497) (0.226,1.559) (0.162,3.348)
Parameters optimization took 1 rounds (0.289 sec)
Wrote distance file to... 
Computing ML distances based on estimated model parameters...
Calculating distance matrix: done in 0.0122721 secs using 374.2% CPU
Computing ML distances took 0.013131 sec (of wall-clock time) 0.048067 sec (of CPU time)
WARNING: Some pairwise ML distances are too long (saturated)
Setting up auxiliary I and S matrices: done in 6.79493e-05 secs using 186.9% CPU
Constructing RapidNJ tree: done in 0.002141 secs using 60.58% CPU
Computing RapidNJ tree took 0.002257 sec (of wall-clock time) 0.001450 sec (of CPU time)
Log-likelihood of RapidNJ tree: -305993.629
--------------------------------------------------------------------
|             INITIALIZING CANDIDATE TREE SET                      |
--------------------------------------------------------------------
Generating 98 parsimony trees... 2.476 second
Computing log-likelihood of 98 initial trees ... 3.878 seconds
Current best score: -303393.190

Do NNI search on 20 best initial trees
Optimizing NNI: done in 0.288474 secs using 290.2% CPU
Estimate model parameters (epsilon = 0.100)
BETTER TREE FOUND at iteration 1: -303392.846
Optimizing NNI: done in 0.953378 secs using 290.8% CPU
Estimate model parameters (epsilon = 0.100)
BETTER TREE FOUND at iteration 2: -303383.557
Optimizing NNI: done in 0.539618 secs using 289.6% CPU
Optimizing NNI: done in 0.638574 secs using 288.8% CPU
Optimizing NNI: done in 0.727778 secs using 283.6% CPU
Estimate model parameters (epsilon = 0.100)
BETTER TREE FOUND at iteration 5: -303382.071
Optimizing NNI: done in 1.00354 secs using 292.7% CPU
Estimate model parameters (epsilon = 0.100)
UPDATE BEST LOG-LIKELIHOOD: -303381.363
Optimizing NNI: done in 0.938993 secs using 292.9% CPU
Estimate model parameters (epsilon = 0.100)
BETTER TREE FOUND at iteration 7: -303381.187
Optimizing NNI: done in 0.795218 secs using 226.8% CPU
Optimizing NNI: done in 0.687068 secs using 287.2% CPU
Optimizing NNI: done in 0.625052 secs using 294.9% CPU
Iteration 10 / LogL: -303399.781 / Time: 0h:3m:16s
Optimizing NNI: done in 0.687831 secs using 294.9% CPU
Optimizing NNI: done in 0.693771 secs using 294.6% CPU
Optimizing NNI: done in 0.702812 secs using 294.2% CPU
Optimizing NNI: done in 0.776578 secs using 291.8% CPU
Optimizing NNI: done in 0.911973 secs using 290.2% CPU
Optimizing NNI: done in 0.714773 secs using 297% CPU
Optimizing NNI: done in 0.789338 secs using 293.5% CPU
Optimizing NNI: done in 0.831315 secs using 288.2% CPU
Optimizing NNI: done in 1.05664 secs using 296.2% CPU
Optimizing NNI: done in 0.926106 secs using 298% CPU
Iteration 20 / LogL: -303408.108 / Time: 0h:3m:24s
Finish initializing candidate tree set (11)
Current best tree score: -303381.187 / CPU time: 24.721
Number of iterations: 20
--------------------------------------------------------------------
|               OPTIMIZING CANDIDATE TREE SET                      |
--------------------------------------------------------------------
Optimizing NNI: done in 0.945049 secs using 270.3% CPU
Optimizing NNI: done in 0.602136 secs using 273.4% CPU
Optimizing NNI: done in 0.8392 secs using 270.2% CPU
Optimizing NNI: done in 0.92116 secs using 276.6% CPU
Estimate model parameters (epsilon = 0.100)
UPDATE BEST LOG-LIKELIHOOD: -303381.059
Optimizing NNI: done in 0.884211 secs using 276.8% CPU
Estimate model parameters (epsilon = 0.100)
UPDATE BEST LOG-LIKELIHOOD: -303380.959
Optimizing NNI: done in 0.897987 secs using 274.5% CPU
Estimate model parameters (epsilon = 0.100)
UPDATE BEST LOG-LIKELIHOOD: -303380.942
Optimizing NNI: done in 0.503606 secs using 272.5% CPU
Optimizing NNI: done in 0.823951 secs using 274.3% CPU
Optimizing NNI: done in 0.583288 secs using 271.2% CPU
Optimizing NNI: done in 0.652885 secs using 265.3% CPU
Iteration 30 / LogL: -303388.397 / Time: 0h:3m:33s (0h:1m:29s left)
Optimizing NNI: done in 0.886228 secs using 268.4% CPU
Estimate model parameters (epsilon = 0.100)
UPDATE BEST LOG-LIKELIHOOD: -303380.834
Optimizing NNI: done in 0.912855 secs using 275.7% CPU
Estimate model parameters (epsilon = 0.100)
UPDATE BEST LOG-LIKELIHOOD: -303380.790
Optimizing NNI: done in 0.943952 secs using 275.1% CPU
Estimate model parameters (epsilon = 0.100)
UPDATE BEST LOG-LIKELIHOOD: -303380.767
Optimizing NNI: done in 0.903356 secs using 274.8% CPU
Optimizing NNI: done in 1.05707 secs using 276.3% CPU
Optimizing NNI: done in 0.886806 secs using 278% CPU
Optimizing NNI: done in 0.812309 secs using 271.8% CPU
Optimizing NNI: done in 0.799469 secs using 263.2% CPU
Optimizing NNI: done in 1.02587 secs using 279.1% CPU
Estimate model parameters (epsilon = 0.100)
UPDATE BEST LOG-LIKELIHOOD: -303380.746
Optimizing NNI: done in 0.708887 secs using 272.7% CPU
Iteration 40 / LogL: -303428.870 / Time: 0h:3m:42s (0h:1m:14s left)
Optimizing NNI: done in 1.06676 secs using 264.5% CPU
Optimizing NNI: done in 1.05319 secs using 276.6% CPU
Optimizing NNI: done in 0.525164 secs using 272.9% CPU
Optimizing NNI: done in 0.994848 secs using 272.8% CPU
Estimate model parameters (epsilon = 0.100)
UPDATE BEST LOG-LIKELIHOOD: -303380.733
Optimizing NNI: done in 0.943964 secs using 274.6% CPU
Estimate model parameters (epsilon = 0.100)
UPDATE BEST LOG-LIKELIHOOD: -303380.715
Optimizing NNI: done in 0.983255 secs using 276.2% CPU
UPDATE BEST LOG-LIKELIHOOD: -303380.710
Optimizing NNI: done in 0.722065 secs using 275.7% CPU
Optimizing NNI: done in 0.852943 secs using 275.9% CPU
Optimizing NNI: done in 1.05073 secs using 276.4% CPU
UPDATE BEST LOG-LIKELIHOOD: -303380.710
Optimizing NNI: done in 0.671238 secs using 273.4% CPU
Iteration 50 / LogL: -303388.203 / Time: 0h:3m:52s (0h:1m:1s left)
Log-likelihood cutoff on original alignment: -303451.816
Optimizing NNI: done in 0.831775 secs using 276.1% CPU
UPDATE BEST LOG-LIKELIHOOD: -303380.710
Optimizing NNI: done in 0.762547 secs using 275.7% CPU
UPDATE BEST LOG-LIKELIHOOD: -303380.710
Optimizing NNI: done in 0.787701 secs using 266.7% CPU
Optimizing NNI: done in 1.06642 secs using 234.9% CPU
Optimizing NNI: done in 0.800596 secs using 270.8% CPU
Optimizing NNI: done in 1.16059 secs using 274.6% CPU
Optimizing NNI: done in 0.840052 secs using 275% CPU
Optimizing NNI: done in 0.553484 secs using 277.1% CPU
Optimizing NNI: done in 0.809763 secs using 277.2% CPU
UPDATE BEST LOG-LIKELIHOOD: -303380.710
Optimizing NNI: done in 1.05482 secs using 277% CPU
Iteration 60 / LogL: -303380.760 / Time: 0h:4m:1s (0h:0m:48s left)
Optimizing NNI: done in 0.988718 secs using 278.2% CPU
Optimizing NNI: done in 0.694576 secs using 266.6% CPU
Optimizing NNI: done in 0.93111 secs using 269.4% CPU
Optimizing NNI: done in 0.877688 secs using 271.8% CPU
Optimizing NNI: done in 1.10885 secs using 269% CPU
Optimizing NNI: done in 0.908926 secs using 272.8% CPU
Optimizing NNI: done in 0.861987 secs using 277.8% CPU
Optimizing NNI: done in 0.642576 secs using 277.2% CPU
Optimizing NNI: done in 1.0046 secs using 275.2% CPU
Optimizing NNI: done in 0.90558 secs using 275.7% CPU
Iteration 70 / LogL: -303380.710 / Time: 0h:4m:10s (0h:0m:37s left)
Optimizing NNI: done in 0.939381 secs using 274.2% CPU
Optimizing NNI: done in 0.654957 secs using 277.9% CPU
Optimizing NNI: done in 1.01512 secs using 278.4% CPU
UPDATE BEST LOG-LIKELIHOOD: -303380.710
Optimizing NNI: done in 0.696905 secs using 277.9% CPU
Optimizing NNI: done in 0.768081 secs using 274.5% CPU
Optimizing NNI: done in 0.982003 secs using 275.4% CPU
Optimizing NNI: done in 1.01583 secs using 268.3% CPU
Optimizing NNI: done in 0.940362 secs using 274% CPU
Optimizing NNI: done in 0.732844 secs using 279.5% CPU
Optimizing NNI: done in 0.659639 secs using 273.2% CPU
Iteration 80 / LogL: -303381.641 / Time: 0h:4m:18s (0h:0m:27s left)
Optimizing NNI: done in 0.86567 secs using 276% CPU
Optimizing NNI: done in 1.06489 secs using 276.9% CPU
Optimizing NNI: done in 1.08493 secs using 277.2% CPU
Optimizing NNI: done in 0.579801 secs using 273.1% CPU
Optimizing NNI: done in 1.09726 secs using 275.4% CPU
Optimizing NNI: done in 1.08917 secs using 276.3% CPU
Optimizing NNI: done in 0.880565 secs using 275.9% CPU
Optimizing NNI: done in 0.812427 secs using 272.7% CPU
Optimizing NNI: done in 1.10611 secs using 271.8% CPU
Optimizing NNI: done in 0.801168 secs using 276.9% CPU
Iteration 90 / LogL: -303380.760 / Time: 0h:4m:28s (0h:0m:16s left)
Optimizing NNI: done in 0.745462 secs using 273.3% CPU
Optimizing NNI: done in 0.762492 secs using 273.3% CPU
Optimizing NNI: done in 0.836641 secs using 278.3% CPU
Optimizing NNI: done in 0.90571 secs using 277.6% CPU
Optimizing NNI: done in 0.910891 secs using 276.7% CPU
Optimizing NNI: done in 1.15548 secs using 277% CPU
Optimizing NNI: done in 0.735032 secs using 256.9% CPU
Optimizing NNI: done in 0.729386 secs using 278.6% CPU
Optimizing NNI: done in 0.482721 secs using 267.2% CPU
Optimizing NNI: done in 0.901538 secs using 274.6% CPU
Iteration 100 / LogL: -303380.710 / Time: 0h:4m:36s (0h:0m:6s left)
Log-likelihood cutoff on original alignment: -303451.816
NOTE: Bootstrap correlation coefficient of split occurrence frequencies: 0.999
Optimizing NNI: done in 0.643205 secs using 272% CPU
Optimizing NNI: done in 0.985593 secs using 269.2% CPU
Optimizing NNI: done in 0.815433 secs using 275.5% CPU
Optimizing NNI: done in 0.824325 secs using 276.8% CPU
Optimizing NNI: done in 0.893797 secs using 277.8% CPU
Optimizing NNI: done in 0.847752 secs using 278.3% CPU
Optimizing NNI: done in 1.02298 secs using 280.1% CPU
Optimizing NNI: done in 0.742508 secs using 276.9% CPU
TREE SEARCH COMPLETED AFTER 108 ITERATIONS / Time: 0h:4m:43s

--------------------------------------------------------------------
|                    FINALIZING TREE SEARCH                        |
--------------------------------------------------------------------
Performs final model parameters optimization
Estimate model parameters (epsilon = 0.010)
1. Initial log-likelihood: -303380.710
Optimal log-likelihood: -303380.710
Rate parameters:  A-C: 2.11517  A-G: 10.68951  A-T: 1.99801  C-G: 0.65270  C-T: 17.05401  G-T: 1.00000
Base frequencies:  A: 0.320  C: 0.275  G: 0.132  T: 0.273
Site proportion and rates:  (0.449,0.041) (0.176,0.550) (0.228,1.643) (0.148,3.457)
Parameters optimization took 1 rounds (0.156 sec)
BEST SCORE FOUND : -303380.710

Testing tree branches by SH-like aLRT with 1000 replicates...
2.475 sec.
Creating bootstrap support values...
Split supports printed to NEXUS file Supermatrix.iqtree/new_core_region.fasta.splits.nex
Total tree length: 25.366

Total number of iterations: 108
CPU time used for tree search: 280.418 sec (0h:4m:40s)
Wall-clock time used for tree search: 102.950 sec (0h:1m:42s)
Total CPU time used: 784.201 sec (0h:13m:4s)
Total wall-clock time used: 285.879 sec (0h:4m:45s)

Computing bootstrap consensus tree...
Reading input file Supermatrix.iqtree/new_core_region.fasta.splits.nex...
51 taxa and 148 splits.
Consensus tree written to Supermatrix.iqtree/new_core_region.fasta.contree
Reading input trees file Supermatrix.iqtree/new_core_region.fasta.contree
Log-likelihood of consensus tree: -303380.748

Analysis results written to: 
  IQ-TREE report:                Supermatrix.iqtree/new_core_region.fasta.iqtree
  Maximum-likelihood tree:       Supermatrix.iqtree/new_core_region.fasta.treefile
  Likelihood distances:          Supermatrix.iqtree/new_core_region.fasta.mldist

Ultrafast bootstrap approximation results written to:
  Split support values:          Supermatrix.iqtree/new_core_region.fasta.splits.nex
  Consensus tree:                Supermatrix.iqtree/new_core_region.fasta.contree
  Screen log file:               Supermatrix.iqtree/new_core_region.fasta.log

Date and Time: Fri Nov 21 23:13:23 2025
